d:\dropbox\dalhousie\3_daleng yr3\04_summer17\eced3403 - computer architecture\assignments\a2\emulat0r\emulat0r\debug\vc140.pdb
d:\dropbox\dalhousie\3_daleng yr3\04_summer17\eced3403 - computer architecture\assignments\a2\emulat0r\emulat0r\debug\vc140.idb
d:\dropbox\dalhousie\3_daleng yr3\04_summer17\eced3403 - computer architecture\assignments\a2\emulat0r\emulat0r\debug\addrmodes.obj
d:\dropbox\dalhousie\3_daleng yr3\04_summer17\eced3403 - computer architecture\assignments\a2\emulat0r\emulat0r\debug\busmem.obj
d:\dropbox\dalhousie\3_daleng yr3\04_summer17\eced3403 - computer architecture\assignments\a2\emulat0r\emulat0r\debug\loader.obj
d:\dropbox\dalhousie\3_daleng yr3\04_summer17\eced3403 - computer architecture\assignments\a2\emulat0r\emulat0r\debug\machine.obj
d:\dropbox\dalhousie\3_daleng yr3\04_summer17\eced3403 - computer architecture\assignments\a2\emulat0r\emulat0r\debug\devices.obj
d:\dropbox\dalhousie\3_daleng yr3\04_summer17\eced3403 - computer architecture\assignments\a2\emulat0r\emulat0r\debug\emulat0r.obj
d:\dropbox\dalhousie\3_daleng yr3\04_summer17\eced3403 - computer architecture\assignments\a2\emulat0r\emulat0r\debug\debugger.obj
d:\dropbox\dalhousie\3_daleng yr3\04_summer17\eced3403 - computer architecture\assignments\a2\emulat0r\emulat0r\debug\oneaddrinst.obj
d:\dropbox\dalhousie\3_daleng yr3\04_summer17\eced3403 - computer architecture\assignments\a2\emulat0r\emulat0r\debug\jumpinst.obj
d:\dropbox\dalhousie\3_daleng yr3\04_summer17\eced3403 - computer architecture\assignments\a2\emulat0r\emulat0r\debug\twoaddrinst.obj
d:\dropbox\dalhousie\3_daleng yr3\04_summer17\eced3403 - computer architecture\assignments\a2\emulat0r\debug\emulat0r.ilk
d:\dropbox\dalhousie\3_daleng yr3\04_summer17\eced3403 - computer architecture\assignments\a2\emulat0r\debug\emulat0r.exe
d:\dropbox\dalhousie\3_daleng yr3\04_summer17\eced3403 - computer architecture\assignments\a2\emulat0r\debug\emulat0r.pdb
d:\dropbox\dalhousie\3_daleng yr3\04_summer17\eced3403 - computer architecture\assignments\a2\emulat0r\emulat0r\debug\emulat0r.tlog\cl.command.1.tlog
d:\dropbox\dalhousie\3_daleng yr3\04_summer17\eced3403 - computer architecture\assignments\a2\emulat0r\emulat0r\debug\emulat0r.tlog\cl.read.1.tlog
d:\dropbox\dalhousie\3_daleng yr3\04_summer17\eced3403 - computer architecture\assignments\a2\emulat0r\emulat0r\debug\emulat0r.tlog\cl.write.1.tlog
d:\dropbox\dalhousie\3_daleng yr3\04_summer17\eced3403 - computer architecture\assignments\a2\emulat0r\emulat0r\debug\emulat0r.tlog\link.command.1.tlog
d:\dropbox\dalhousie\3_daleng yr3\04_summer17\eced3403 - computer architecture\assignments\a2\emulat0r\emulat0r\debug\emulat0r.tlog\link.read.1.tlog
d:\dropbox\dalhousie\3_daleng yr3\04_summer17\eced3403 - computer architecture\assignments\a2\emulat0r\emulat0r\debug\emulat0r.tlog\link.write.1.tlog
